<?xml version="1.0" encoding="UTF-8"?>
<testng-results skipped="0" failed="1" total="3" passed="2">
  <reporter-output>
  </reporter-output>
  <suite name="Default suite" duration-ms="78189" started-at="2016-11-10T04:43:01Z" finished-at="2016-11-10T04:44:19Z">
    <groups>
    </groups>
    <test name="Default test" duration-ms="78189" started-at="2016-11-10T04:43:01Z" finished-at="2016-11-10T04:44:19Z">
      <class name="com.shoe.test.RunTest">
        <test-method status="PASS" signature="runBeforeTest()[pri:0, instance:com.shoe.test.RunTest@6e7d8dfb]" name="runBeforeTest" is-config="true" duration-ms="4481" started-at="2016-11-09T21:43:01Z" finished-at="2016-11-09T21:43:05Z">
          <reporter-output>
          </reporter-output>
        </test-method> <!-- runBeforeTest -->
        <test-method status="PASS" signature="testBrandAndHeaderHome()[pri:0, instance:com.shoe.test.RunTest@6e7d8dfb]" name="testBrandAndHeaderHome" duration-ms="11241" started-at="2016-11-09T21:43:05Z" finished-at="2016-11-09T21:43:16Z">
          <reporter-output>
          </reporter-output>
        </test-method> <!-- testBrandAndHeaderHome -->
        <test-method status="PASS" signature="testEmailStory2()[pri:0, instance:com.shoe.test.RunTest@6e7d8dfb]" name="testEmailStory2" duration-ms="56081" started-at="2016-11-09T21:43:16Z" finished-at="2016-11-09T21:44:12Z">
          <reporter-output>
          </reporter-output>
        </test-method> <!-- testEmailStory2 -->
        <test-method status="FAIL" signature="testMonthsDataStory1()[pri:0, instance:com.shoe.test.RunTest@6e7d8dfb]" name="testMonthsDataStory1" duration-ms="5140" started-at="2016-11-09T21:44:12Z" finished-at="2016-11-09T21:44:18Z">
          <exception class="java.lang.AssertionError">
            <message>
              <![CDATA[expected [All Shoes's Shoes] but found [All Shoes]]]>
            </message>
            <full-stacktrace>
              <![CDATA[java.lang.AssertionError: expected [All Shoes's Shoes] but found [All Shoes]
	at org.testng.Assert.fail(Assert.java:94)
	at org.testng.Assert.failNotEquals(Assert.java:494)
	at org.testng.Assert.assertEquals(Assert.java:123)
	at org.testng.Assert.assertEquals(Assert.java:176)
	at org.testng.Assert.assertEquals(Assert.java:186)
	at com.shoe.test.RunTest.testMonthsDataStory1(RunTest.java:81)
	at sun.reflect.NativeMethodAccessorImpl.invoke0(Native Method)
	at sun.reflect.NativeMethodAccessorImpl.invoke(NativeMethodAccessorImpl.java:57)
	at sun.reflect.DelegatingMethodAccessorImpl.invoke(DelegatingMethodAccessorImpl.java:43)
	at java.lang.reflect.Method.invoke(Method.java:606)
	at org.testng.internal.MethodInvocationHelper.invokeMethod(MethodInvocationHelper.java:80)
	at org.testng.internal.Invoker.invokeMethod(Invoker.java:714)
	at org.testng.internal.Invoker.invokeTestMethod(Invoker.java:901)
	at org.testng.internal.Invoker.invokeTestMethods(Invoker.java:1231)
	at org.testng.internal.TestMethodWorker.invokeTestMethods(TestMethodWorker.java:127)
	at org.testng.internal.TestMethodWorker.run(TestMethodWorker.java:111)
	at org.testng.TestRunner.privateRun(TestRunner.java:767)
	at org.testng.TestRunner.run(TestRunner.java:617)
	at org.testng.SuiteRunner.runTest(SuiteRunner.java:334)
	at org.testng.SuiteRunner.runSequentially(SuiteRunner.java:329)
	at org.testng.SuiteRunner.privateRun(SuiteRunner.java:291)
	at org.testng.SuiteRunner.run(SuiteRunner.java:240)
	at org.testng.SuiteRunnerWorker.runSuite(SuiteRunnerWorker.java:52)
	at org.testng.SuiteRunnerWorker.run(SuiteRunnerWorker.java:86)
	at org.testng.TestNG.runSuitesSequentially(TestNG.java:1198)
	at org.testng.TestNG.runSuitesLocally(TestNG.java:1123)
	at org.testng.TestNG.run(TestNG.java:1031)
	at org.testng.remote.AbstractRemoteTestNG.run(AbstractRemoteTestNG.java:132)
	at org.testng.remote.RemoteTestNG.initAndRun(RemoteTestNG.java:236)
	at org.testng.remote.RemoteTestNG.main(RemoteTestNG.java:81)
]]>
            </full-stacktrace>
          </exception> <!-- java.lang.AssertionError -->
          <reporter-output>
          </reporter-output>
        </test-method> <!-- testMonthsDataStory1 -->
        <test-method status="PASS" signature="closePage()[pri:0, instance:com.shoe.test.RunTest@6e7d8dfb]" name="closePage" is-config="true" duration-ms="1224" started-at="2016-11-09T21:44:18Z" finished-at="2016-11-09T21:44:19Z">
          <reporter-output>
          </reporter-output>
        </test-method> <!-- closePage -->
      </class> <!-- com.shoe.test.RunTest -->
    </test> <!-- Default test -->
  </suite> <!-- Default suite -->
</testng-results>
